Started GET "/" for ::1 at 2019-09-30 14:35:11 -0700

PG::ConnectionBad - FATAL:  database "task-list_development" does not exist
:

Started POST "/__better_errors/c4a8c80b95d4e42f/variables" for ::1 at 2019-09-30 14:35:11 -0700
  [1m[35m (301.5ms)[0m  [1m[35mCREATE DATABASE "task-list_development" ENCODING = 'unicode'[0m
  ↳ bin/rails:9
  [1m[35m (359.4ms)[0m  [1m[35mCREATE DATABASE "task-list_test" ENCODING = 'unicode'[0m
  ↳ bin/rails:9
Started GET "/" for ::1 at 2019-09-30 14:36:10 -0700

SyntaxError - syntax error, unexpected ':', expecting ']'
    @tasks = [1: "do laundry", 2: "take out g...
               ^
/Users/carolinewu/ADA/week9/task-list/app/controllers/tasks_controller.rb:4: syntax error, unexpected ',', expecting keyword_end
    @tasks = [1: "do laundry", 2: "take out garbage", 3: "f...
                             ^
/Users/carolinewu/ADA/week9/task-list/app/controllers/tasks_controller.rb:4: syntax error, unexpected ',', expecting keyword_end
...aundry", 2: "take out garbage", 3: "feed dogs"]
...                              ^
/Users/carolinewu/ADA/week9/task-list/app/controllers/tasks_controller.rb:4: syntax error, unexpected ']', expecting keyword_end
...e out garbage", 3: "feed dogs"]
...                              ^:
  app/controllers/tasks_controller.rb:4:in `'

Started POST "/__better_errors/0a93ff7179b35978/variables" for ::1 at 2019-09-30 14:36:11 -0700
Started GET "/" for ::1 at 2019-09-30 14:38:12 -0700
Processing by TasksController#index as HTML
  Rendering tasks/index.html.erb within layouts/application
  Rendered tasks/index.html.erb within layouts/application (0.7ms)
Completed 200 OK in 202ms (Views: 192.9ms | ActiveRecord: 0.0ms)


Started GET "/" for ::1 at 2019-09-30 14:38:25 -0700
Processing by TasksController#index as HTML
  Rendering tasks/index.html.erb within layouts/application
  Rendered tasks/index.html.erb within layouts/application (0.3ms)
Completed 200 OK in 19ms (Views: 17.0ms | ActiveRecord: 0.0ms)


Started GET "/" for ::1 at 2019-09-30 14:41:15 -0700
Processing by TasksController#index as HTML
  Rendering tasks/index.html.erb within layouts/application
  Rendered tasks/index.html.erb within layouts/application (0.4ms)
Completed 200 OK in 21ms (Views: 18.2ms | ActiveRecord: 0.0ms)


Started GET "/" for ::1 at 2019-09-30 14:41:29 -0700
Processing by TasksController#index as HTML
  Rendering tasks/index.html.erb within layouts/application
  Rendered tasks/index.html.erb within layouts/application (0.4ms)
Completed 200 OK in 19ms (Views: 16.8ms | ActiveRecord: 0.0ms)


  [1m[35m (2.2ms)[0m  [1m[35mCREATE DATABASE "task-list_development" ENCODING = 'unicode'[0m
  ↳ bin/rails:9
  [1m[35m (1.3ms)[0m  [1m[35mCREATE DATABASE "task-list_test" ENCODING = 'unicode'[0m
  ↳ bin/rails:9
Started GET "/" for ::1 at 2019-09-30 14:48:44 -0700

NameError - uninitialized constant Rails::Generators:
  app/helpers/tasks_helper.rb:2:in `<module:TasksHelper>'
  app/helpers/tasks_helper.rb:1:in `<top (required)>'
  app/controllers/application_controller.rb:1:in `<top (required)>'
  app/controllers/tasks_controller.rb:1:in `<top (required)>'

Started POST "/__better_errors/d50c90ac7f2a3955/variables" for ::1 at 2019-09-30 14:48:44 -0700
Started GET "/" for ::1 at 2019-09-30 14:49:42 -0700

NameError - uninitialized constant Rails::Generators:
  app/helpers/tasks_helper.rb:2:in `<module:TasksHelper>'
  app/helpers/tasks_helper.rb:1:in `<top (required)>'
  app/controllers/application_controller.rb:1:in `<top (required)>'
  app/controllers/tasks_controller.rb:1:in `<top (required)>'

Started POST "/__better_errors/d9599c4b23fd2063/variables" for ::1 at 2019-09-30 14:49:42 -0700
Started GET "/" for ::1 at 2019-09-30 14:50:13 -0700
Processing by TasksController#index as HTML
  Rendering tasks/index.html.erb within layouts/application
  Rendered tasks/index.html.erb within layouts/application (0.8ms)
Completed 200 OK in 135ms (Views: 125.3ms | ActiveRecord: 0.0ms)


  [1m[35m (1.4ms)[0m  [1m[35mCREATE DATABASE "task-list_development" ENCODING = 'unicode'[0m
  ↳ bin/rails:9
  [1m[35m (1.4ms)[0m  [1m[35mCREATE DATABASE "task-list_test" ENCODING = 'unicode'[0m
  ↳ bin/rails:9
  [1m[35m (26.7ms)[0m  [1m[35mCREATE TABLE "schema_migrations" ("version" character varying NOT NULL PRIMARY KEY)[0m
  ↳ bin/rails:9
  [1m[35m (2.5ms)[0m  [1m[35mCREATE TABLE "ar_internal_metadata" ("key" character varying NOT NULL PRIMARY KEY, "value" character varying, "created_at" timestamp NOT NULL, "updated_at" timestamp NOT NULL)[0m
  ↳ bin/rails:9
  [1m[35m (0.5ms)[0m  [1m[34mSELECT pg_try_advisory_lock(3827420325922003335)[0m
  ↳ bin/rails:9
  [1m[35m (1.5ms)[0m  [1m[34mSELECT "schema_migrations"."version" FROM "schema_migrations" ORDER BY "schema_migrations"."version" ASC[0m
  ↳ bin/rails:9
Migrating to CreateTasks (20191001224426)
  [1m[35m (0.1ms)[0m  [1m[35mBEGIN[0m
  ↳ bin/rails:9
  [1m[35m (4.8ms)[0m  [1m[35mCREATE TABLE "tasks" ("id" bigserial primary key, "name" character varying, "description" text, "completion_date" date, "created_at" timestamp NOT NULL, "updated_at" timestamp NOT NULL)[0m
  ↳ db/migrate/20191001224426_create_tasks.rb:3
  [1m[36mActiveRecord::SchemaMigration Create (0.4ms)[0m  [1m[32mINSERT INTO "schema_migrations" ("version") VALUES ($1) RETURNING "version"[0m  [["version", "20191001224426"]]
  ↳ bin/rails:9
  [1m[35m (0.3ms)[0m  [1m[35mCOMMIT[0m
  ↳ bin/rails:9
  [1m[36mActiveRecord::InternalMetadata Load (0.3ms)[0m  [1m[34mSELECT  "ar_internal_metadata".* FROM "ar_internal_metadata" WHERE "ar_internal_metadata"."key" = $1 LIMIT $2[0m  [["key", "environment"], ["LIMIT", 1]]
  ↳ bin/rails:9
  [1m[35m (0.1ms)[0m  [1m[35mBEGIN[0m
  ↳ bin/rails:9
  [1m[36mActiveRecord::InternalMetadata Create (0.3ms)[0m  [1m[32mINSERT INTO "ar_internal_metadata" ("key", "value", "created_at", "updated_at") VALUES ($1, $2, $3, $4) RETURNING "key"[0m  [["key", "environment"], ["value", "development"], ["created_at", "2019-10-01 22:44:56.290645"], ["updated_at", "2019-10-01 22:44:56.290645"]]
  ↳ bin/rails:9
  [1m[35m (0.3ms)[0m  [1m[35mCOMMIT[0m
  ↳ bin/rails:9
  [1m[35m (0.1ms)[0m  [1m[34mSELECT pg_advisory_unlock(3827420325922003335)[0m
  ↳ bin/rails:9
  [1m[35m (0.2ms)[0m  [1m[34mSELECT "schema_migrations"."version" FROM "schema_migrations" ORDER BY "schema_migrations"."version" ASC[0m
  ↳ bin/rails:9
  [1m[35m (0.4ms)[0m  [1m[34mSELECT "schema_migrations"."version" FROM "schema_migrations" ORDER BY "schema_migrations"."version" ASC[0m
  ↳ bin/rails:9
  [1m[36mTask Load (0.4ms)[0m  [1m[34mSELECT "tasks".* FROM "tasks"[0m
  [1m[35m (0.1ms)[0m  [1m[35mBEGIN[0m
  [1m[36mTask Create (0.5ms)[0m  [1m[32mINSERT INTO "tasks" ("name", "description", "created_at", "updated_at") VALUES ($1, $2, $3, $4) RETURNING "id"[0m  [["name", "walk dog"], ["description", "go for walk with doggies"], ["created_at", "2019-10-01 22:46:25.398059"], ["updated_at", "2019-10-01 22:46:25.398059"]]
  [1m[35m (0.4ms)[0m  [1m[35mCOMMIT[0m
  [1m[36mTask Load (0.4ms)[0m  [1m[34mSELECT "tasks".* FROM "tasks"[0m
  [1m[35m (0.2ms)[0m  [1m[35mBEGIN[0m
  [1m[36mTask Create (0.3ms)[0m  [1m[32mINSERT INTO "tasks" ("name", "description", "created_at", "updated_at") VALUES ($1, $2, $3, $4) RETURNING "id"[0m  [["name", "take out garbage"], ["description", "don't forget recyclables"], ["created_at", "2019-10-01 22:47:06.932447"], ["updated_at", "2019-10-01 22:47:06.932447"]]
  [1m[35m (0.7ms)[0m  [1m[35mCOMMIT[0m
  [1m[36mTask Load (0.3ms)[0m  [1m[34mSELECT "tasks".* FROM "tasks"[0m
Started GET "/" for ::1 at 2019-10-01 15:47:38 -0700
  [1m[35m (0.4ms)[0m  [1m[34mSELECT "schema_migrations"."version" FROM "schema_migrations" ORDER BY "schema_migrations"."version" ASC[0m
  ↳ /Users/carolinewu/.rbenv/versions/2.5.5/lib/ruby/gems/2.5.0/gems/activerecord-5.2.3/lib/active_record/log_subscriber.rb:98
Processing by TasksController#index as HTML
  Rendering tasks/index.html.erb within layouts/application
  Rendered tasks/index.html.erb within layouts/application (0.6ms)
Completed 200 OK in 135ms (Views: 126.9ms | ActiveRecord: 0.0ms)


Started GET "/" for ::1 at 2019-10-01 15:55:54 -0700
Processing by TasksController#index as HTML
  Rendering tasks/index.html.erb within layouts/application
  [1m[36mTask Load (0.5ms)[0m  [1m[34mSELECT "tasks".* FROM "tasks"[0m
  ↳ app/views/tasks/index.html.erb:11
  Rendered tasks/index.html.erb within layouts/application (10.3ms)
Completed 200 OK in 46ms (Views: 38.1ms | ActiveRecord: 4.5ms)


Started GET "/" for ::1 at 2019-10-01 15:56:54 -0700
Processing by TasksController#index as HTML
  Rendering tasks/index.html.erb within layouts/application
  [1m[36mTask Load (0.2ms)[0m  [1m[34mSELECT "tasks".* FROM "tasks"[0m
  ↳ app/views/tasks/index.html.erb:11
  Rendered tasks/index.html.erb within layouts/application (1.2ms)
Completed 200 OK in 22ms (Views: 18.8ms | ActiveRecord: 0.2ms)


Started GET "/" for ::1 at 2019-10-01 15:57:28 -0700
Processing by TasksController#index as HTML
  Rendering tasks/index.html.erb within layouts/application
  [1m[36mTask Load (0.3ms)[0m  [1m[34mSELECT "tasks".* FROM "tasks"[0m
  ↳ app/views/tasks/index.html.erb:11
  Rendered tasks/index.html.erb within layouts/application (1.2ms)
Completed 200 OK in 22ms (Views: 19.3ms | ActiveRecord: 0.3ms)


Started GET "/" for ::1 at 2019-10-01 15:57:48 -0700
Processing by TasksController#index as HTML
  Rendering tasks/index.html.erb within layouts/application
  [1m[36mTask Load (0.2ms)[0m  [1m[34mSELECT "tasks".* FROM "tasks"[0m
  ↳ app/views/tasks/index.html.erb:11
  Rendered tasks/index.html.erb within layouts/application (1.3ms)
Completed 200 OK in 27ms (Views: 24.2ms | ActiveRecord: 0.2ms)


